<?xml version="1.0" encoding="UTF-8"?>
<!-- Generated by org.testng.reporters.JUnitXMLReporter -->
<testsuite hostname="DESKTOP-T7F2HMV" name="Default test" tests="5" failures="0" timestamp="2 Mar 2021 07:56:20 GMT" time="186.084" errors="0">
  <testcase name="exportButtonTests" time="17.363" classname="TestUsingTestNG.TestCases"/>
  <testcase name="addRelease" time="22.127" classname="TestUsingTestNG.TestCases"/>
  <testcase name="pageNavigator" time="19.801" classname="TestUsingTestNG.TestCases"/>
  <testcase name="search" time="52.28" classname="TestUsingTestNG.TestCases"/>
  <testcase name="filters" time="17.641" classname="TestUsingTestNG.TestCases"/>
</testsuite> <!-- Default test -->
